<?xml version="1.0" encoding="UTF-8"?>
<!-- Generated by org.testng.reporters.JUnitReportReporter -->
<testsuite hostname="DESKTOP-55C00D3" failures="0" tests="5" name="Tests.ProductTest" time="1.575" errors="0" timestamp="2022-01-22T09:45:27 IST" skipped="0">
  <testcase classname="Tests.ProductTest" name="verifyGetRequest" time="1.292"/>
  <system-out/>
  <testcase classname="Tests.ProductTest" name="verifyGetRequestById" time="0.056"/>
  <system-out/>
  <testcase classname="Tests.ProductTest" name="verifyPostRequest" time="0.125"/>
  <system-out/>
  <testcase classname="Tests.ProductTest" name="verifyPutRequest" time="0.056"/>
  <system-out/>
  <testcase classname="Tests.ProductTest" name="verifyDeleteRequest" time="0.046"/>
  <system-out/>
</testsuite> <!-- Tests.ProductTest -->
